<?xml version="1.0" encoding="UTF-8"?>
<testsuites>
  <testsuite name="C:\Users\ArnauBarrero\Desktop\mbo_standard_laravel\laravel\phpunit.xml" tests="25" assertions="25" errors="0" failures="0" skipped="0" time="4.265563">
    <testsuite name="Unit" tests="1" assertions="1" errors="0" failures="0" skipped="0" time="0.003813">
      <testsuite name="Tests\Unit\ExampleTest" file="C:\Users\ArnauBarrero\Desktop\mbo_standard_laravel\laravel\tests\Unit\ExampleTest.php" tests="1" assertions="1" errors="0" failures="0" skipped="0" time="0.003813">
        <testcase name="test_that_true_is_true" file="C:\Users\ArnauBarrero\Desktop\mbo_standard_laravel\laravel\tests\Unit\ExampleTest.php" line="12" class="Tests\Unit\ExampleTest" classname="Tests.Unit.ExampleTest" assertions="1" time="0.003813"/>
      </testsuite>
    </testsuite>
    <testsuite name="Feature" tests="24" assertions="24" errors="0" failures="0" skipped="0" time="4.261750">
      <testsuite name="Tests\Feature\AuthApiTest" file="C:\Users\ArnauBarrero\Desktop\mbo_standard_laravel\laravel\tests\Feature\AuthApiTest.php" tests="6" assertions="6" errors="0" failures="0" skipped="0" time="3.642239">
        <testcase name="test_register_endpoint" file="C:\Users\ArnauBarrero\Desktop\mbo_standard_laravel\laravel\tests\Feature\AuthApiTest.php" line="9" class="Tests\Feature\AuthApiTest" classname="Tests.Feature.AuthApiTest" assertions="1" time="1.519633"/>
        <testcase name="test_verify_pin_endpoint" file="C:\Users\ArnauBarrero\Desktop\mbo_standard_laravel\laravel\tests\Feature\AuthApiTest.php" line="25" class="Tests\Feature\AuthApiTest" classname="Tests.Feature.AuthApiTest" assertions="1" time="0.301668"/>
        <testcase name="test_login_endpoint" file="C:\Users\ArnauBarrero\Desktop\mbo_standard_laravel\laravel\tests\Feature\AuthApiTest.php" line="48" class="Tests\Feature\AuthApiTest" classname="Tests.Feature.AuthApiTest" assertions="1" time="0.589943"/>
        <testcase name="test_request_change_password_endpoint" file="C:\Users\ArnauBarrero\Desktop\mbo_standard_laravel\laravel\tests\Feature\AuthApiTest.php" line="70" class="Tests\Feature\AuthApiTest" classname="Tests.Feature.AuthApiTest" assertions="1" time="0.338036"/>
        <testcase name="test_confirm_change_password_endpoint" file="C:\Users\ArnauBarrero\Desktop\mbo_standard_laravel\laravel\tests\Feature\AuthApiTest.php" line="90" class="Tests\Feature\AuthApiTest" classname="Tests.Feature.AuthApiTest" assertions="1" time="0.592625"/>
        <testcase name="test_request_change_email_and_password_endpoint" file="C:\Users\ArnauBarrero\Desktop\mbo_standard_laravel\laravel\tests\Feature\AuthApiTest.php" line="116" class="Tests\Feature\AuthApiTest" classname="Tests.Feature.AuthApiTest" assertions="1" time="0.300334"/>
      </testsuite>
      <testsuite name="Tests\Feature\ChatApiTest" file="C:\Users\ArnauBarrero\Desktop\mbo_standard_laravel\laravel\tests\Feature\ChatApiTest.php" tests="3" assertions="3" errors="0" failures="0" skipped="0" time="0.349519">
        <testcase name="test_crear_chat_endpoint" file="C:\Users\ArnauBarrero\Desktop\mbo_standard_laravel\laravel\tests\Feature\ChatApiTest.php" line="10" class="Tests\Feature\ChatApiTest" classname="Tests.Feature.ChatApiTest" assertions="1" time="0.311687"/>
        <testcase name="test_responder_chat_endpoint" file="C:\Users\ArnauBarrero\Desktop\mbo_standard_laravel\laravel\tests\Feature\ChatApiTest.php" line="24" class="Tests\Feature\ChatApiTest" classname="Tests.Feature.ChatApiTest" assertions="1" time="0.020958"/>
        <testcase name="test_marcar_mensaje_leido_endpoint" file="C:\Users\ArnauBarrero\Desktop\mbo_standard_laravel\laravel\tests\Feature\ChatApiTest.php" line="40" class="Tests\Feature\ChatApiTest" classname="Tests.Feature.ChatApiTest" assertions="1" time="0.016874"/>
      </testsuite>
      <testsuite name="Tests\Feature\CvApiTest" file="C:\Users\ArnauBarrero\Desktop\mbo_standard_laravel\laravel\tests\Feature\CvApiTest.php" tests="12" assertions="12" errors="0" failures="0" skipped="0" time="0.198940">
        <testcase name="test_add_experiencia_endpoint" file="C:\Users\ArnauBarrero\Desktop\mbo_standard_laravel\laravel\tests\Feature\CvApiTest.php" line="10" class="Tests\Feature\CvApiTest" classname="Tests.Feature.CvApiTest" assertions="1" time="0.017338"/>
        <testcase name="test_update_experiencia_endpoint" file="C:\Users\ArnauBarrero\Desktop\mbo_standard_laravel\laravel\tests\Feature\CvApiTest.php" line="26" class="Tests\Feature\CvApiTest" classname="Tests.Feature.CvApiTest" assertions="1" time="0.015966"/>
        <testcase name="test_delete_experiencia_endpoint" file="C:\Users\ArnauBarrero\Desktop\mbo_standard_laravel\laravel\tests\Feature\CvApiTest.php" line="36" class="Tests\Feature\CvApiTest" classname="Tests.Feature.CvApiTest" assertions="1" time="0.014426"/>
        <testcase name="test_add_formacion_endpoint" file="C:\Users\ArnauBarrero\Desktop\mbo_standard_laravel\laravel\tests\Feature\CvApiTest.php" line="45" class="Tests\Feature\CvApiTest" classname="Tests.Feature.CvApiTest" assertions="1" time="0.015890"/>
        <testcase name="test_update_formacion_endpoint" file="C:\Users\ArnauBarrero\Desktop\mbo_standard_laravel\laravel\tests\Feature\CvApiTest.php" line="59" class="Tests\Feature\CvApiTest" classname="Tests.Feature.CvApiTest" assertions="1" time="0.016101"/>
        <testcase name="test_delete_formacion_endpoint" file="C:\Users\ArnauBarrero\Desktop\mbo_standard_laravel\laravel\tests\Feature\CvApiTest.php" line="69" class="Tests\Feature\CvApiTest" classname="Tests.Feature.CvApiTest" assertions="1" time="0.016196"/>
        <testcase name="test_add_idioma_endpoint" file="C:\Users\ArnauBarrero\Desktop\mbo_standard_laravel\laravel\tests\Feature\CvApiTest.php" line="78" class="Tests\Feature\CvApiTest" classname="Tests.Feature.CvApiTest" assertions="1" time="0.018461"/>
        <testcase name="test_update_idioma_endpoint" file="C:\Users\ArnauBarrero\Desktop\mbo_standard_laravel\laravel\tests\Feature\CvApiTest.php" line="88" class="Tests\Feature\CvApiTest" classname="Tests.Feature.CvApiTest" assertions="1" time="0.018099"/>
        <testcase name="test_delete_idioma_endpoint" file="C:\Users\ArnauBarrero\Desktop\mbo_standard_laravel\laravel\tests\Feature\CvApiTest.php" line="98" class="Tests\Feature\CvApiTest" classname="Tests.Feature.CvApiTest" assertions="1" time="0.015541"/>
        <testcase name="test_add_dato_extra_endpoint" file="C:\Users\ArnauBarrero\Desktop\mbo_standard_laravel\laravel\tests\Feature\CvApiTest.php" line="106" class="Tests\Feature\CvApiTest" classname="Tests.Feature.CvApiTest" assertions="1" time="0.016362"/>
        <testcase name="test_update_dato_extra_endpoint" file="C:\Users\ArnauBarrero\Desktop\mbo_standard_laravel\laravel\tests\Feature\CvApiTest.php" line="116" class="Tests\Feature\CvApiTest" classname="Tests.Feature.CvApiTest" assertions="1" time="0.016750"/>
        <testcase name="test_delete_dato_extra_endpoint" file="C:\Users\ArnauBarrero\Desktop\mbo_standard_laravel\laravel\tests\Feature\CvApiTest.php" line="126" class="Tests\Feature\CvApiTest" classname="Tests.Feature.CvApiTest" assertions="1" time="0.017810"/>
      </testsuite>
      <testsuite name="Tests\Feature\ExampleTest" file="C:\Users\ArnauBarrero\Desktop\mbo_standard_laravel\laravel\tests\Feature\ExampleTest.php" tests="1" assertions="1" errors="0" failures="0" skipped="0" time="0.035581">
        <testcase name="test_the_application_returns_a_successful_response" file="C:\Users\ArnauBarrero\Desktop\mbo_standard_laravel\laravel\tests\Feature\ExampleTest.php" line="6" class="Tests\Feature\ExampleTest" classname="Tests.Feature.ExampleTest" assertions="1" time="0.035581"/>
      </testsuite>
      <testsuite name="Tests\Feature\NotificacionesApiTest" file="C:\Users\ArnauBarrero\Desktop\mbo_standard_laravel\laravel\tests\Feature\NotificacionesApiTest.php" tests="2" assertions="2" errors="0" failures="0" skipped="0" time="0.035471">
        <testcase name="test_crear_notificacion_endpoint" file="C:\Users\ArnauBarrero\Desktop\mbo_standard_laravel\laravel\tests\Feature\NotificacionesApiTest.php" line="9" class="Tests\Feature\NotificacionesApiTest" classname="Tests.Feature.NotificacionesApiTest" assertions="1" time="0.018784"/>
        <testcase name="test_marcar_notificacion_leida_endpoint" file="C:\Users\ArnauBarrero\Desktop\mbo_standard_laravel\laravel\tests\Feature\NotificacionesApiTest.php" line="20" class="Tests\Feature\NotificacionesApiTest" classname="Tests.Feature.NotificacionesApiTest" assertions="1" time="0.016687"/>
      </testsuite>
    </testsuite>
  </testsuite>
</testsuites>
