<?xml version="1.0" encoding="UTF-8"?>
<testsuites>
  <testsuite name="C:\Users\ArnauBarrero\Desktop\mbo_standard_laravel\laravel\phpunit.xml" tests="25" assertions="25" errors="0" failures="0" skipped="0" time="2.959563">
    <testsuite name="Unit" tests="1" assertions="1" errors="0" failures="0" skipped="0" time="0.002862">
      <testsuite name="Tests\Unit\ExampleTest" file="C:\Users\ArnauBarrero\Desktop\mbo_standard_laravel\laravel\tests\Unit\ExampleTest.php" tests="1" assertions="1" errors="0" failures="0" skipped="0" time="0.002862">
        <testcase name="test_that_true_is_true" file="C:\Users\ArnauBarrero\Desktop\mbo_standard_laravel\laravel\tests\Unit\ExampleTest.php" line="12" class="Tests\Unit\ExampleTest" classname="Tests.Unit.ExampleTest" assertions="1" time="0.002862"/>
      </testsuite>
    </testsuite>
    <testsuite name="Feature" tests="24" assertions="24" errors="0" failures="0" skipped="0" time="2.956701">
      <testsuite name="Tests\Feature\AuthApiTest" file="C:\Users\ArnauBarrero\Desktop\mbo_standard_laravel\laravel\tests\Feature\AuthApiTest.php" tests="6" assertions="6" errors="0" failures="0" skipped="0" time="2.447811">
        <testcase name="test_register_endpoint" file="C:\Users\ArnauBarrero\Desktop\mbo_standard_laravel\laravel\tests\Feature\AuthApiTest.php" line="9" class="Tests\Feature\AuthApiTest" classname="Tests.Feature.AuthApiTest" assertions="1" time="0.904575"/>
        <testcase name="test_verify_pin_endpoint" file="C:\Users\ArnauBarrero\Desktop\mbo_standard_laravel\laravel\tests\Feature\AuthApiTest.php" line="25" class="Tests\Feature\AuthApiTest" classname="Tests.Feature.AuthApiTest" assertions="1" time="0.219633"/>
        <testcase name="test_login_endpoint" file="C:\Users\ArnauBarrero\Desktop\mbo_standard_laravel\laravel\tests\Feature\AuthApiTest.php" line="48" class="Tests\Feature\AuthApiTest" classname="Tests.Feature.AuthApiTest" assertions="1" time="0.424131"/>
        <testcase name="test_request_change_password_endpoint" file="C:\Users\ArnauBarrero\Desktop\mbo_standard_laravel\laravel\tests\Feature\AuthApiTest.php" line="70" class="Tests\Feature\AuthApiTest" classname="Tests.Feature.AuthApiTest" assertions="1" time="0.217006"/>
        <testcase name="test_confirm_change_password_endpoint" file="C:\Users\ArnauBarrero\Desktop\mbo_standard_laravel\laravel\tests\Feature\AuthApiTest.php" line="90" class="Tests\Feature\AuthApiTest" classname="Tests.Feature.AuthApiTest" assertions="1" time="0.453266"/>
        <testcase name="test_request_change_email_and_password_endpoint" file="C:\Users\ArnauBarrero\Desktop\mbo_standard_laravel\laravel\tests\Feature\AuthApiTest.php" line="116" class="Tests\Feature\AuthApiTest" classname="Tests.Feature.AuthApiTest" assertions="1" time="0.229199"/>
      </testsuite>
      <testsuite name="Tests\Feature\ChatApiTest" file="C:\Users\ArnauBarrero\Desktop\mbo_standard_laravel\laravel\tests\Feature\ChatApiTest.php" tests="3" assertions="3" errors="0" failures="0" skipped="0" time="0.249230">
        <testcase name="test_crear_chat_endpoint" file="C:\Users\ArnauBarrero\Desktop\mbo_standard_laravel\laravel\tests\Feature\ChatApiTest.php" line="10" class="Tests\Feature\ChatApiTest" classname="Tests.Feature.ChatApiTest" assertions="1" time="0.218738"/>
        <testcase name="test_responder_chat_endpoint" file="C:\Users\ArnauBarrero\Desktop\mbo_standard_laravel\laravel\tests\Feature\ChatApiTest.php" line="24" class="Tests\Feature\ChatApiTest" classname="Tests.Feature.ChatApiTest" assertions="1" time="0.015762"/>
        <testcase name="test_marcar_mensaje_leido_endpoint" file="C:\Users\ArnauBarrero\Desktop\mbo_standard_laravel\laravel\tests\Feature\ChatApiTest.php" line="40" class="Tests\Feature\ChatApiTest" classname="Tests.Feature.ChatApiTest" assertions="1" time="0.014730"/>
      </testsuite>
      <testsuite name="Tests\Feature\CvApiTest" file="C:\Users\ArnauBarrero\Desktop\mbo_standard_laravel\laravel\tests\Feature\CvApiTest.php" tests="12" assertions="12" errors="0" failures="0" skipped="0" time="0.192994">
        <testcase name="test_add_experiencia_endpoint" file="C:\Users\ArnauBarrero\Desktop\mbo_standard_laravel\laravel\tests\Feature\CvApiTest.php" line="10" class="Tests\Feature\CvApiTest" classname="Tests.Feature.CvApiTest" assertions="1" time="0.016820"/>
        <testcase name="test_update_experiencia_endpoint" file="C:\Users\ArnauBarrero\Desktop\mbo_standard_laravel\laravel\tests\Feature\CvApiTest.php" line="26" class="Tests\Feature\CvApiTest" classname="Tests.Feature.CvApiTest" assertions="1" time="0.016529"/>
        <testcase name="test_delete_experiencia_endpoint" file="C:\Users\ArnauBarrero\Desktop\mbo_standard_laravel\laravel\tests\Feature\CvApiTest.php" line="36" class="Tests\Feature\CvApiTest" classname="Tests.Feature.CvApiTest" assertions="1" time="0.017536"/>
        <testcase name="test_add_formacion_endpoint" file="C:\Users\ArnauBarrero\Desktop\mbo_standard_laravel\laravel\tests\Feature\CvApiTest.php" line="45" class="Tests\Feature\CvApiTest" classname="Tests.Feature.CvApiTest" assertions="1" time="0.013486"/>
        <testcase name="test_update_formacion_endpoint" file="C:\Users\ArnauBarrero\Desktop\mbo_standard_laravel\laravel\tests\Feature\CvApiTest.php" line="59" class="Tests\Feature\CvApiTest" classname="Tests.Feature.CvApiTest" assertions="1" time="0.014730"/>
        <testcase name="test_delete_formacion_endpoint" file="C:\Users\ArnauBarrero\Desktop\mbo_standard_laravel\laravel\tests\Feature\CvApiTest.php" line="69" class="Tests\Feature\CvApiTest" classname="Tests.Feature.CvApiTest" assertions="1" time="0.014967"/>
        <testcase name="test_add_idioma_endpoint" file="C:\Users\ArnauBarrero\Desktop\mbo_standard_laravel\laravel\tests\Feature\CvApiTest.php" line="78" class="Tests\Feature\CvApiTest" classname="Tests.Feature.CvApiTest" assertions="1" time="0.017157"/>
        <testcase name="test_update_idioma_endpoint" file="C:\Users\ArnauBarrero\Desktop\mbo_standard_laravel\laravel\tests\Feature\CvApiTest.php" line="88" class="Tests\Feature\CvApiTest" classname="Tests.Feature.CvApiTest" assertions="1" time="0.015469"/>
        <testcase name="test_delete_idioma_endpoint" file="C:\Users\ArnauBarrero\Desktop\mbo_standard_laravel\laravel\tests\Feature\CvApiTest.php" line="98" class="Tests\Feature\CvApiTest" classname="Tests.Feature.CvApiTest" assertions="1" time="0.015020"/>
        <testcase name="test_add_dato_extra_endpoint" file="C:\Users\ArnauBarrero\Desktop\mbo_standard_laravel\laravel\tests\Feature\CvApiTest.php" line="106" class="Tests\Feature\CvApiTest" classname="Tests.Feature.CvApiTest" assertions="1" time="0.014977"/>
        <testcase name="test_update_dato_extra_endpoint" file="C:\Users\ArnauBarrero\Desktop\mbo_standard_laravel\laravel\tests\Feature\CvApiTest.php" line="116" class="Tests\Feature\CvApiTest" classname="Tests.Feature.CvApiTest" assertions="1" time="0.020723"/>
        <testcase name="test_delete_dato_extra_endpoint" file="C:\Users\ArnauBarrero\Desktop\mbo_standard_laravel\laravel\tests\Feature\CvApiTest.php" line="126" class="Tests\Feature\CvApiTest" classname="Tests.Feature.CvApiTest" assertions="1" time="0.015580"/>
      </testsuite>
      <testsuite name="Tests\Feature\ExampleTest" file="C:\Users\ArnauBarrero\Desktop\mbo_standard_laravel\laravel\tests\Feature\ExampleTest.php" tests="1" assertions="1" errors="0" failures="0" skipped="0" time="0.029190">
        <testcase name="test_the_application_returns_a_successful_response" file="C:\Users\ArnauBarrero\Desktop\mbo_standard_laravel\laravel\tests\Feature\ExampleTest.php" line="6" class="Tests\Feature\ExampleTest" classname="Tests.Feature.ExampleTest" assertions="1" time="0.029190"/>
      </testsuite>
      <testsuite name="Tests\Feature\NotificacionesApiTest" file="C:\Users\ArnauBarrero\Desktop\mbo_standard_laravel\laravel\tests\Feature\NotificacionesApiTest.php" tests="2" assertions="2" errors="0" failures="0" skipped="0" time="0.037476">
        <testcase name="test_crear_notificacion_endpoint" file="C:\Users\ArnauBarrero\Desktop\mbo_standard_laravel\laravel\tests\Feature\NotificacionesApiTest.php" line="9" class="Tests\Feature\NotificacionesApiTest" classname="Tests.Feature.NotificacionesApiTest" assertions="1" time="0.022929"/>
        <testcase name="test_marcar_notificacion_leida_endpoint" file="C:\Users\ArnauBarrero\Desktop\mbo_standard_laravel\laravel\tests\Feature\NotificacionesApiTest.php" line="20" class="Tests\Feature\NotificacionesApiTest" classname="Tests.Feature.NotificacionesApiTest" assertions="1" time="0.014547"/>
      </testsuite>
    </testsuite>
  </testsuite>
</testsuites>
