<?xml version="1.0" encoding="UTF-8"?>
<testsuites>
  <testsuite name="C:\Users\ArnauBarrero\Desktop\mbo_standard_laravel\laravel\phpunit.xml" tests="25" assertions="25" errors="0" failures="0" skipped="0" time="3.095435">
    <testsuite name="Unit" tests="1" assertions="1" errors="0" failures="0" skipped="0" time="0.007819">
      <testsuite name="Tests\Unit\ExampleTest" file="C:\Users\ArnauBarrero\Desktop\mbo_standard_laravel\laravel\tests\Unit\ExampleTest.php" tests="1" assertions="1" errors="0" failures="0" skipped="0" time="0.007819">
        <testcase name="test_that_true_is_true" file="C:\Users\ArnauBarrero\Desktop\mbo_standard_laravel\laravel\tests\Unit\ExampleTest.php" line="12" class="Tests\Unit\ExampleTest" classname="Tests.Unit.ExampleTest" assertions="1" time="0.007819"/>
      </testsuite>
    </testsuite>
    <testsuite name="Feature" tests="24" assertions="24" errors="0" failures="0" skipped="0" time="3.087616">
      <testsuite name="Tests\Feature\AuthApiTest" file="C:\Users\ArnauBarrero\Desktop\mbo_standard_laravel\laravel\tests\Feature\AuthApiTest.php" tests="6" assertions="6" errors="0" failures="0" skipped="0" time="2.624551">
        <testcase name="test_register_endpoint" file="C:\Users\ArnauBarrero\Desktop\mbo_standard_laravel\laravel\tests\Feature\AuthApiTest.php" line="9" class="Tests\Feature\AuthApiTest" classname="Tests.Feature.AuthApiTest" assertions="1" time="1.084839"/>
        <testcase name="test_verify_pin_endpoint" file="C:\Users\ArnauBarrero\Desktop\mbo_standard_laravel\laravel\tests\Feature\AuthApiTest.php" line="25" class="Tests\Feature\AuthApiTest" classname="Tests.Feature.AuthApiTest" assertions="1" time="0.221064"/>
        <testcase name="test_login_endpoint" file="C:\Users\ArnauBarrero\Desktop\mbo_standard_laravel\laravel\tests\Feature\AuthApiTest.php" line="48" class="Tests\Feature\AuthApiTest" classname="Tests.Feature.AuthApiTest" assertions="1" time="0.428133"/>
        <testcase name="test_request_change_password_endpoint" file="C:\Users\ArnauBarrero\Desktop\mbo_standard_laravel\laravel\tests\Feature\AuthApiTest.php" line="70" class="Tests\Feature\AuthApiTest" classname="Tests.Feature.AuthApiTest" assertions="1" time="0.217844"/>
        <testcase name="test_confirm_change_password_endpoint" file="C:\Users\ArnauBarrero\Desktop\mbo_standard_laravel\laravel\tests\Feature\AuthApiTest.php" line="90" class="Tests\Feature\AuthApiTest" classname="Tests.Feature.AuthApiTest" assertions="1" time="0.455265"/>
        <testcase name="test_request_change_email_and_password_endpoint" file="C:\Users\ArnauBarrero\Desktop\mbo_standard_laravel\laravel\tests\Feature\AuthApiTest.php" line="116" class="Tests\Feature\AuthApiTest" classname="Tests.Feature.AuthApiTest" assertions="1" time="0.217406"/>
      </testsuite>
      <testsuite name="Tests\Feature\ChatApiTest" file="C:\Users\ArnauBarrero\Desktop\mbo_standard_laravel\laravel\tests\Feature\ChatApiTest.php" tests="3" assertions="3" errors="0" failures="0" skipped="0" time="0.252235">
        <testcase name="test_crear_chat_endpoint" file="C:\Users\ArnauBarrero\Desktop\mbo_standard_laravel\laravel\tests\Feature\ChatApiTest.php" line="10" class="Tests\Feature\ChatApiTest" classname="Tests.Feature.ChatApiTest" assertions="1" time="0.222206"/>
        <testcase name="test_responder_chat_endpoint" file="C:\Users\ArnauBarrero\Desktop\mbo_standard_laravel\laravel\tests\Feature\ChatApiTest.php" line="24" class="Tests\Feature\ChatApiTest" classname="Tests.Feature.ChatApiTest" assertions="1" time="0.016980"/>
        <testcase name="test_marcar_mensaje_leido_endpoint" file="C:\Users\ArnauBarrero\Desktop\mbo_standard_laravel\laravel\tests\Feature\ChatApiTest.php" line="40" class="Tests\Feature\ChatApiTest" classname="Tests.Feature.ChatApiTest" assertions="1" time="0.013050"/>
      </testsuite>
      <testsuite name="Tests\Feature\CvApiTest" file="C:\Users\ArnauBarrero\Desktop\mbo_standard_laravel\laravel\tests\Feature\CvApiTest.php" tests="12" assertions="12" errors="0" failures="0" skipped="0" time="0.157658">
        <testcase name="test_add_experiencia_endpoint" file="C:\Users\ArnauBarrero\Desktop\mbo_standard_laravel\laravel\tests\Feature\CvApiTest.php" line="10" class="Tests\Feature\CvApiTest" classname="Tests.Feature.CvApiTest" assertions="1" time="0.016705"/>
        <testcase name="test_update_experiencia_endpoint" file="C:\Users\ArnauBarrero\Desktop\mbo_standard_laravel\laravel\tests\Feature\CvApiTest.php" line="26" class="Tests\Feature\CvApiTest" classname="Tests.Feature.CvApiTest" assertions="1" time="0.013879"/>
        <testcase name="test_delete_experiencia_endpoint" file="C:\Users\ArnauBarrero\Desktop\mbo_standard_laravel\laravel\tests\Feature\CvApiTest.php" line="36" class="Tests\Feature\CvApiTest" classname="Tests.Feature.CvApiTest" assertions="1" time="0.013930"/>
        <testcase name="test_add_formacion_endpoint" file="C:\Users\ArnauBarrero\Desktop\mbo_standard_laravel\laravel\tests\Feature\CvApiTest.php" line="45" class="Tests\Feature\CvApiTest" classname="Tests.Feature.CvApiTest" assertions="1" time="0.012024"/>
        <testcase name="test_update_formacion_endpoint" file="C:\Users\ArnauBarrero\Desktop\mbo_standard_laravel\laravel\tests\Feature\CvApiTest.php" line="59" class="Tests\Feature\CvApiTest" classname="Tests.Feature.CvApiTest" assertions="1" time="0.011734"/>
        <testcase name="test_delete_formacion_endpoint" file="C:\Users\ArnauBarrero\Desktop\mbo_standard_laravel\laravel\tests\Feature\CvApiTest.php" line="69" class="Tests\Feature\CvApiTest" classname="Tests.Feature.CvApiTest" assertions="1" time="0.011681"/>
        <testcase name="test_add_idioma_endpoint" file="C:\Users\ArnauBarrero\Desktop\mbo_standard_laravel\laravel\tests\Feature\CvApiTest.php" line="78" class="Tests\Feature\CvApiTest" classname="Tests.Feature.CvApiTest" assertions="1" time="0.014009"/>
        <testcase name="test_update_idioma_endpoint" file="C:\Users\ArnauBarrero\Desktop\mbo_standard_laravel\laravel\tests\Feature\CvApiTest.php" line="88" class="Tests\Feature\CvApiTest" classname="Tests.Feature.CvApiTest" assertions="1" time="0.012868"/>
        <testcase name="test_delete_idioma_endpoint" file="C:\Users\ArnauBarrero\Desktop\mbo_standard_laravel\laravel\tests\Feature\CvApiTest.php" line="98" class="Tests\Feature\CvApiTest" classname="Tests.Feature.CvApiTest" assertions="1" time="0.012403"/>
        <testcase name="test_add_dato_extra_endpoint" file="C:\Users\ArnauBarrero\Desktop\mbo_standard_laravel\laravel\tests\Feature\CvApiTest.php" line="106" class="Tests\Feature\CvApiTest" classname="Tests.Feature.CvApiTest" assertions="1" time="0.011991"/>
        <testcase name="test_update_dato_extra_endpoint" file="C:\Users\ArnauBarrero\Desktop\mbo_standard_laravel\laravel\tests\Feature\CvApiTest.php" line="116" class="Tests\Feature\CvApiTest" classname="Tests.Feature.CvApiTest" assertions="1" time="0.014101"/>
        <testcase name="test_delete_dato_extra_endpoint" file="C:\Users\ArnauBarrero\Desktop\mbo_standard_laravel\laravel\tests\Feature\CvApiTest.php" line="126" class="Tests\Feature\CvApiTest" classname="Tests.Feature.CvApiTest" assertions="1" time="0.012333"/>
      </testsuite>
      <testsuite name="Tests\Feature\ExampleTest" file="C:\Users\ArnauBarrero\Desktop\mbo_standard_laravel\laravel\tests\Feature\ExampleTest.php" tests="1" assertions="1" errors="0" failures="0" skipped="0" time="0.026615">
        <testcase name="test_the_application_returns_a_successful_response" file="C:\Users\ArnauBarrero\Desktop\mbo_standard_laravel\laravel\tests\Feature\ExampleTest.php" line="6" class="Tests\Feature\ExampleTest" classname="Tests.Feature.ExampleTest" assertions="1" time="0.026615"/>
      </testsuite>
      <testsuite name="Tests\Feature\NotificacionesApiTest" file="C:\Users\ArnauBarrero\Desktop\mbo_standard_laravel\laravel\tests\Feature\NotificacionesApiTest.php" tests="2" assertions="2" errors="0" failures="0" skipped="0" time="0.026557">
        <testcase name="test_crear_notificacion_endpoint" file="C:\Users\ArnauBarrero\Desktop\mbo_standard_laravel\laravel\tests\Feature\NotificacionesApiTest.php" line="9" class="Tests\Feature\NotificacionesApiTest" classname="Tests.Feature.NotificacionesApiTest" assertions="1" time="0.014682"/>
        <testcase name="test_marcar_notificacion_leida_endpoint" file="C:\Users\ArnauBarrero\Desktop\mbo_standard_laravel\laravel\tests\Feature\NotificacionesApiTest.php" line="20" class="Tests\Feature\NotificacionesApiTest" classname="Tests.Feature.NotificacionesApiTest" assertions="1" time="0.011875"/>
      </testsuite>
    </testsuite>
  </testsuite>
</testsuites>
